2021-01-11T18:16:02.465Z DEBUG @wdio/config:utils: Couldn't find ts-node package, no TypeScript compiling
2021-01-11T18:16:02.487Z ERROR @wdio/utils:initialiseServices: Error: Couldn't initialise "wdio-chromedriver-service".
Error: Cannot find module 'chromedriver'
Require stack:
- /Users/thiyagan/Documents/io_workspace/westwing/node_modules/wdio-chromedriver-service/build/launcher.js
- /Users/thiyagan/Documents/io_workspace/westwing/node_modules/wdio-chromedriver-service/build/index.js
- /Users/thiyagan/Documents/io_workspace/westwing/node_modules/@wdio/utils/build/utils.js
- /Users/thiyagan/Documents/io_workspace/westwing/node_modules/@wdio/utils/build/initialisePlugin.js
- /Users/thiyagan/Documents/io_workspace/westwing/node_modules/@wdio/utils/build/index.js
- /Users/thiyagan/Documents/io_workspace/westwing/node_modules/@wdio/cli/build/launcher.js
- /Users/thiyagan/Documents/io_workspace/westwing/node_modules/@wdio/cli/build/index.js
- /Users/thiyagan/Documents/io_workspace/westwing/node_modules/@wdio/cli/bin/wdio.js
    at Function.Module._resolveFilename (internal/modules/cjs/loader.js:965:15)
    at Function.Module._load (internal/modules/cjs/loader.js:841:27)
    at Module.require (internal/modules/cjs/loader.js:1025:19)
    at require (internal/modules/cjs/helpers.js:72:18)
    at Object.<anonymous> (/Users/thiyagan/Documents/io_workspace/westwing/node_modules/wdio-chromedriver-service/build/launcher.js:10:44)
    at Module._compile (internal/modules/cjs/loader.js:1137:30)
    at Object.Module._extensions..js (internal/modules/cjs/loader.js:1157:10)
    at Module.load (internal/modules/cjs/loader.js:985:32)
    at Function.Module._load (internal/modules/cjs/loader.js:878:14)
    at Module.require (internal/modules/cjs/loader.js:1025:19)
    at Object.safeRequire (/Users/thiyagan/Documents/io_workspace/westwing/node_modules/@wdio/utils/build/utils.js:130:15)
    at Object.initialisePlugin [as default] (/Users/thiyagan/Documents/io_workspace/westwing/node_modules/@wdio/utils/build/initialisePlugin.js:22:28)
    at initialiseServices (/Users/thiyagan/Documents/io_workspace/westwing/node_modules/@wdio/utils/build/initialiseServices.js:24:51)
    at Object.initialiseLauncherService (/Users/thiyagan/Documents/io_workspace/westwing/node_modules/@wdio/utils/build/initialiseServices.js:36:26)
    at Launcher.run (/Users/thiyagan/Documents/io_workspace/westwing/node_modules/@wdio/cli/build/launcher.js:54:73)
    at launch (/Users/thiyagan/Documents/io_workspace/westwing/node_modules/@wdio/cli/build/commands/run.js:120:21)
    at Object.handler (/Users/thiyagan/Documents/io_workspace/westwing/node_modules/@wdio/cli/build/commands/run.js:146:16)
    at Object.exports.run (/Users/thiyagan/Documents/io_workspace/westwing/node_modules/@wdio/cli/build/index.js:49:22)
    at Object.<anonymous> (/Users/thiyagan/Documents/io_workspace/westwing/node_modules/@wdio/cli/bin/wdio.js:11:21)
    at Module._compile (internal/modules/cjs/loader.js:1137:30)
2021-01-11T18:16:02.489Z INFO @wdio/cli:launcher: Run onPrepare hook
2021-01-11T18:16:02.490Z INFO @wdio/cli:launcher: Run onWorkerStart hook
2021-01-11T18:16:02.491Z INFO @wdio/local-runner: Start worker 0-0 with arg: 
2021-01-11T18:17:46.289Z INFO @wdio/cli:launcher: Run onComplete hook
2021-01-11T18:17:46.291Z INFO @wdio/local-runner: Shutting down spawned worker
2021-01-11T18:17:46.544Z INFO @wdio/local-runner: Waiting for 0 to shut down gracefully
