2021-01-11T18:16:02.889Z INFO @wdio/local-runner: Run worker command: run
2021-01-11T18:16:02.902Z ERROR @wdio/utils:initialiseServices: Error: Couldn't initialise "wdio-chromedriver-service".
Error: Cannot find module 'chromedriver'
Require stack:
- /Users/thiyagan/Documents/io_workspace/westwing/node_modules/wdio-chromedriver-service/build/launcher.js
- /Users/thiyagan/Documents/io_workspace/westwing/node_modules/wdio-chromedriver-service/build/index.js
- /Users/thiyagan/Documents/io_workspace/westwing/node_modules/@wdio/utils/build/utils.js
- /Users/thiyagan/Documents/io_workspace/westwing/node_modules/@wdio/utils/build/initialisePlugin.js
- /Users/thiyagan/Documents/io_workspace/westwing/node_modules/@wdio/utils/build/index.js
- /Users/thiyagan/Documents/io_workspace/westwing/node_modules/@wdio/runner/build/index.js
- /Users/thiyagan/Documents/io_workspace/westwing/node_modules/@wdio/local-runner/build/run.js
    at Function.Module._resolveFilename (internal/modules/cjs/loader.js:965:15)
    at Function.Module._load (internal/modules/cjs/loader.js:841:27)
    at Module.require (internal/modules/cjs/loader.js:1025:19)
    at require (internal/modules/cjs/helpers.js:72:18)
    at Object.<anonymous> (/Users/thiyagan/Documents/io_workspace/westwing/node_modules/wdio-chromedriver-service/build/launcher.js:10:44)
    at Module._compile (internal/modules/cjs/loader.js:1137:30)
    at Object.Module._extensions..js (internal/modules/cjs/loader.js:1157:10)
    at Module.load (internal/modules/cjs/loader.js:985:32)
    at Function.Module._load (internal/modules/cjs/loader.js:878:14)
    at Module.require (internal/modules/cjs/loader.js:1025:19)
    at Object.safeRequire (/Users/thiyagan/Documents/io_workspace/westwing/node_modules/@wdio/utils/build/utils.js:130:15)
    at Object.initialisePlugin [as default] (/Users/thiyagan/Documents/io_workspace/westwing/node_modules/@wdio/utils/build/initialisePlugin.js:22:28)
    at initialiseServices (/Users/thiyagan/Documents/io_workspace/westwing/node_modules/@wdio/utils/build/initialiseServices.js:24:51)
    at Object.initialiseWorkerService (/Users/thiyagan/Documents/io_workspace/westwing/node_modules/@wdio/utils/build/initialiseServices.js:67:26)
    at Runner.run (/Users/thiyagan/Documents/io_workspace/westwing/node_modules/@wdio/runner/build/index.js:43:17)
    at processTicksAndRejections (internal/process/task_queues.js:97:5)
2021-01-11T18:16:03.445Z INFO devtools:puppeteer: Initiate new session using the DevTools protocol
2021-01-11T18:16:03.445Z INFO devtools: Launch Google Chrome with flags: --enable-automation --disable-popup-blocking --disable-extensions --disable-background-networking --disable-background-timer-throttling --disable-backgrounding-occluded-windows --disable-sync --metrics-recording-only --disable-default-apps --mute-audio --no-first-run --no-default-browser-check --disable-hang-monitor --disable-prompt-on-repost --disable-client-side-phishing-detection --password-store=basic --use-mock-keychain --disable-component-extensions-with-background-pages --disable-breakpad --disable-dev-shm-usage --disable-ipc-flooding-protection --disable-renderer-backgrounding --force-fieldtrials=*BackgroundTracing/default/ --enable-features=NetworkService,NetworkServiceInProcess --disable-features=site-per-process,TranslateUI,BlinkGenPropertyTrees --window-position=0,0 --window-size=1200,900
2021-01-11T18:16:14.103Z INFO devtools: Connect Puppeteer with browser on port 57053
2021-01-11T18:16:18.205Z INFO devtools: COMMAND setWindowRect(null, null, 1500, 950)
2021-01-11T18:16:18.212Z INFO devtools: RESULT { width: 1500, height: 950 }
2021-01-11T18:16:18.216Z INFO devtools: COMMAND navigateTo("https://www.westwingnow.de/")
2021-01-11T18:16:34.188Z INFO devtools: RESULT null
2021-01-11T18:16:36.200Z INFO devtools: COMMAND findElements("css selector", "#onetrust-accept-btn-handler")
2021-01-11T18:16:36.211Z INFO devtools: RESULT []
2021-01-11T18:16:36.702Z INFO devtools: COMMAND findElements("css selector", "#onetrust-accept-btn-handler")
2021-01-11T18:16:36.706Z INFO devtools: RESULT []
2021-01-11T18:16:37.201Z INFO devtools: COMMAND findElements("css selector", "#onetrust-accept-btn-handler")
2021-01-11T18:16:37.204Z INFO devtools: RESULT [ { 'element-6066-11e4-a52e-4f735466cecf': 'ELEMENT-1' } ]
2021-01-11T18:16:37.210Z INFO devtools: COMMAND findElement("css selector", "#onetrust-accept-btn-handler")
2021-01-11T18:16:37.212Z INFO devtools: RESULT { 'element-6066-11e4-a52e-4f735466cecf': 'ELEMENT-2' }
2021-01-11T18:16:37.216Z INFO devtools: COMMAND findElements("css selector", "#onetrust-accept-btn-handler")
2021-01-11T18:16:37.218Z INFO devtools: RESULT [ { 'element-6066-11e4-a52e-4f735466cecf': 'ELEMENT-3' } ]
2021-01-11T18:16:37.221Z INFO devtools: COMMAND elementClick("ELEMENT-2")
2021-01-11T18:16:37.287Z INFO devtools: RESULT null
2021-01-11T18:16:37.291Z INFO devtools: COMMAND findElement("css selector", "input[type="search"]")
2021-01-11T18:16:37.292Z INFO devtools: RESULT { 'element-6066-11e4-a52e-4f735466cecf': 'ELEMENT-4' }
2021-01-11T18:16:37.295Z INFO devtools: COMMAND findElements("css selector", "input[type="search"]")
2021-01-11T18:16:37.297Z INFO devtools: RESULT [ { 'element-6066-11e4-a52e-4f735466cecf': 'ELEMENT-5' } ]
2021-01-11T18:16:42.301Z INFO devtools: COMMAND findElement("css selector", "input[type="search"]")
2021-01-11T18:16:42.303Z INFO devtools: RESULT { 'element-6066-11e4-a52e-4f735466cecf': 'ELEMENT-6' }
2021-01-11T18:16:42.311Z INFO devtools: COMMAND elementClear("ELEMENT-6")
2021-01-11T18:16:42.315Z INFO devtools: RESULT null
2021-01-11T18:16:42.319Z INFO devtools: COMMAND elementSendKeys("ELEMENT-6", "möbel")
2021-01-11T18:16:42.410Z INFO devtools: RESULT null
2021-01-11T18:16:47.412Z INFO devtools: COMMAND findElement("css selector", "input[type="search"]")
2021-01-11T18:16:47.413Z INFO devtools: RESULT { 'element-6066-11e4-a52e-4f735466cecf': 'ELEMENT-7' }
2021-01-11T18:16:47.417Z INFO devtools: COMMAND elementClick("ELEMENT-7")
2021-01-11T18:16:47.431Z INFO devtools: RESULT null
2021-01-11T18:16:52.436Z INFO devtools: COMMAND performActions(<object>)
2021-01-11T18:16:52.545Z INFO devtools: COMMAND releaseActions()
2021-01-11T18:17:02.553Z INFO devtools: COMMAND findElement("css selector", "[class|=ListingPageElements__MainContent] h1")
2021-01-11T18:17:02.556Z INFO devtools: RESULT { 'element-6066-11e4-a52e-4f735466cecf': 'ELEMENT-8' }
2021-01-11T18:17:02.561Z INFO devtools: COMMAND getElementText("ELEMENT-8")
2021-01-11T18:17:02.564Z INFO devtools: RESULT Möbel
2021-01-11T18:17:02.566Z INFO devtools: COMMAND findElements("css selector", "[class|=ListingPageElements__MainContent] [data-testid=generic-product]")
2021-01-11T18:17:02.571Z INFO devtools: RESULT [
  { 'element-6066-11e4-a52e-4f735466cecf': 'ELEMENT-9' },
  { 'element-6066-11e4-a52e-4f735466cecf': 'ELEMENT-10' },
  { 'element-6066-11e4-a52e-4f735466cecf': 'ELEMENT-11' },
  { 'element-6066-11e4-a52e-4f735466cecf': 'ELEMENT-12' },
  { 'element-6066-11e4-a52e-4f735466cecf': 'ELEMENT-13' },
  { 'element-6066-11e4-a52e-4f735466cecf': 'ELEMENT-14' },
  { 'element-6066-11e4-a52e-4f735466cecf': 'ELEMENT-15' },
  { 'element-6066-11e4-a52e-4f735466cecf': 'ELEMENT-16' },
  { 'element-6066-11e4-a52e-4f735466cecf': 'ELEMENT-17' },
  { 'element-6066-11e4-a52e-4f735466cecf': 'ELEMENT-18' },
  { 'element-6066-11e4-a52e-4f735466cecf': 'ELEMENT-19' },
  { 'element-6066-11e4-a52e-4f735466cecf': 'ELEMENT-20' },
  { 'element-6066-11e4-a52e-4f735466cecf': 'ELEMENT-21' },
  { 'element-6066-11e4-a52e-4f735466cecf': 'ELEMENT-22' },
  { 'element-6066-11e4-a52e-4f735466cecf': 'ELEMENT-23' },
  { 'element-6066-11e4-a52e-4f735466cecf': 'ELEMENT-24' },
  { 'element-6066-11e4-a52e-4f735466cecf': 'ELEMENT-25' },
  { 'element-6066-11e4-a52e-4f735466cecf': 'ELEMENT-26' },
  { 'element-6066-11e4-a52e-4f735466cecf': 'ELEMENT-27' },
  { 'element-6066-11e4-a52e-4f735466cecf': 'ELEMENT-28' },
  { 'element-6066-11e4-a52e-4f735466cecf': 'ELEMENT-29' },
  { 'element-6066-11e4-a52e-4f735466cecf': 'ELEMENT-30' },
  { 'element-6066-11e4-a52e-4f735466cecf': 'ELEMENT-31' },
  { 'element-6066-11e4-a52e-4f735466cecf': 'ELEMENT-32' },
  { 'element-6066-11e4-a52e-4f735466cecf': 'ELEMENT-33' },
  { 'element-6066-11e4-a52e-4f735466cecf': 'ELEMENT-34' },
  { 'element-6066-11e4-a52e-4f735466cecf': 'ELEMENT-35' },
  { 'element-6066-11e4-a52e-4f735466cecf': 'ELEMENT-36' },
  { 'element-6066-11e4-a52e-4f735466cecf': 'ELEMENT-37' },
  { 'element-6066-11e4-a52e-4f735466cecf': 'ELEMENT-38' },
  { 'element-6066-11e4-a52e-4f735466cecf': 'ELEMENT-39' },
  { 'element-6066-11e4-a52e-4f735466cecf': 'ELEMENT-40' },
  { 'element-6066-11e4-a52e-4f735466cecf': 'ELEMENT-41' },
  { 'element-6066-11e4-a52e-4f735466cecf': 'ELEMENT-42' },
  { 'element-6066-11e4-a52e-4f735466cecf': 'ELEMENT-43' },
  { 'element-6066-11e4-a52e-4f735466cecf': 'ELEMENT-44' },
  { 'element-6066-11e4-a52e-4f735466cecf': 'ELEMENT-45' },
  { 'element-6066-11e4-a52e-4f735466cecf': 'ELEMENT-46' },
  { 'element-6066-11e4-a52e-4f735466cecf': 'ELEMENT-47' },
  { 'element-6066-11e4-a52e-4f735466cecf': 'ELEMENT-48' },
  { 'element-6066-11e4-a52e-4f735466cecf': 'ELEMENT-49' },
  { 'element-6066-11e4-a52e-4f735466cecf': 'ELEMENT-50' },
  { 'element-6066-11e4-a52e-4f735466cecf': 'ELEMENT-51' },
  { 'element-6066-11e4-a52e-4f735466cecf': 'ELEMENT-52' },
  { 'element-6066-11e4-a52e-4f735466cecf': 'ELEMENT-53' },
  { 'element-6066-11e4-a52e-4f735466cecf': 'ELEMENT-54' },
  { 'element-6066-11e4-a52e-4f735466cecf': 'ELEMENT-55' },
  { 'element-6066-11e4-a52e-4f735466cecf': 'ELEMENT-56' },
  { 'element-6066-11e4-a52e-4f735466cecf': 'ELEMENT-57' },
  { 'element-6066-11e4-a52e-4f735466cecf': 'ELEMENT-58' },
  { 'element-6066-11e4-a52e-4f735466cecf': 'ELEMENT-59' },
  { 'element-6066-11e4-a52e-4f735466cecf': 'ELEMENT-60' },
  { 'element-6066-11e4-a52e-4f735466cecf': 'ELEMENT-61' },
  { 'element-6066-11e4-a52e-4f735466cecf': 'ELEMENT-62' },
  { 'element-6066-11e4-a52e-4f735466cecf': 'ELEMENT-63' },
  { 'element-6066-11e4-a52e-4f735466cecf': 'ELEMENT-64' },
  { 'element-6066-11e4-a52e-4f735466cecf': 'ELEMENT-65' },
  { 'element-6066-11e4-a52e-4f735466cecf': 'ELEMENT-66' },
  { 'element-6066-11e4-a52e-4f735466cecf': 'ELEMENT-67' },
  { 'element-6066-11e4-a52e-4f735466cecf': 'ELEMENT-68' },
  { 'element-6066-11e4-a52e-4f735466cecf': 'ELEMENT-69' },
  { 'element-6066-11e4-a52e-4f735466cecf': 'ELEMENT-70' },
  { 'element-6066-11e4-a52e-4f735466cecf': 'ELEMENT-71' },
  { 'element-6066-11e4-a52e-4f735466cecf': 'ELEMENT-72' },
  { 'element-6066-11e4-a52e-4f735466cecf': 'ELEMENT-73' },
  { 'element-6066-11e4-a52e-4f735466cecf': 'ELEMENT-74' },
  { 'element-6066-11e4-a52e-4f735466cecf': 'ELEMENT-75' },
  { 'element-6066-11e4-a52e-4f735466cecf': 'ELEMENT-76' },
  { 'element-6066-11e4-a52e-4f735466cecf': 'ELEMENT-77' },
  { 'element-6066-11e4-a52e-4f735466cecf': 'ELEMENT-78' },
  { 'element-6066-11e4-a52e-4f735466cecf': 'ELEMENT-79' },
  { 'element-6066-11e4-a52e-4f735466cecf': 'ELEMENT-80' },
  { 'element-6066-11e4-a52e-4f735466cecf': 'ELEMENT-81' },
  { 'element-6066-11e4-a52e-4f735466cecf': 'ELEMENT-82' },
  { 'element-6066-11e4-a52e-4f735466cecf': 'ELEMENT-83' },
  { 'element-6066-11e4-a52e-4f735466cecf': 'ELEMENT-84' },
  { 'element-6066-11e4-a52e-4f735466cecf': 'ELEMENT-85' },
  { 'element-6066-11e4-a52e-4f735466cecf': 'ELEMENT-86' },
  { 'element-6066-11e4-a52e-4f735466cecf': 'ELEMENT-87' },
  { 'element-6066-11e4-a52e-4f735466cecf': 'ELEMENT-88' },
  { 'element-6066-11e4-a52e-4f735466cecf': 'ELEMENT-89' },
  { 'element-6066-11e4-a52e-4f735466cecf': 'ELEMENT-90' },
  { 'element-6066-11e4-a52e-4f735466cecf': 'ELEMENT-91' },
  { 'element-6066-11e4-a52e-4f735466cecf': 'ELEMENT-92' },
  { 'element-6066-11e4-a52e-4f735466cecf': 'ELEMENT-93' },
  { 'element-6066-11e4-a52e-4f735466cecf': 'ELEMENT-94' },
  { 'element-6066-11e4-a52e-4f735466cecf': 'ELEMENT-95' },
  { 'element-6066-11e4-a52e-4f735466cecf': 'ELEMENT-96' },
  { 'element-6066-11e4-a52e-4f735466cecf': 'ELEMENT-97' },
  { 'element-6066-11e4-a52e-4f735466cecf': 'ELEMENT-98' }
]
2021-01-11T18:17:02.635Z INFO devtools: COMMAND findElements("css selector", "[class|=ListingPageElements__MainContent] [data-testid=generic-product]")
2021-01-11T18:17:02.639Z INFO devtools: RESULT [
  { 'element-6066-11e4-a52e-4f735466cecf': 'ELEMENT-99' },
  { 'element-6066-11e4-a52e-4f735466cecf': 'ELEMENT-100' },
  { 'element-6066-11e4-a52e-4f735466cecf': 'ELEMENT-101' },
  { 'element-6066-11e4-a52e-4f735466cecf': 'ELEMENT-102' },
  { 'element-6066-11e4-a52e-4f735466cecf': 'ELEMENT-103' },
  { 'element-6066-11e4-a52e-4f735466cecf': 'ELEMENT-104' },
  { 'element-6066-11e4-a52e-4f735466cecf': 'ELEMENT-105' },
  { 'element-6066-11e4-a52e-4f735466cecf': 'ELEMENT-106' },
  { 'element-6066-11e4-a52e-4f735466cecf': 'ELEMENT-107' },
  { 'element-6066-11e4-a52e-4f735466cecf': 'ELEMENT-108' },
  { 'element-6066-11e4-a52e-4f735466cecf': 'ELEMENT-109' },
  { 'element-6066-11e4-a52e-4f735466cecf': 'ELEMENT-110' },
  { 'element-6066-11e4-a52e-4f735466cecf': 'ELEMENT-111' },
  { 'element-6066-11e4-a52e-4f735466cecf': 'ELEMENT-112' },
  { 'element-6066-11e4-a52e-4f735466cecf': 'ELEMENT-113' },
  { 'element-6066-11e4-a52e-4f735466cecf': 'ELEMENT-114' },
  { 'element-6066-11e4-a52e-4f735466cecf': 'ELEMENT-115' },
  { 'element-6066-11e4-a52e-4f735466cecf': 'ELEMENT-116' },
  { 'element-6066-11e4-a52e-4f735466cecf': 'ELEMENT-117' },
  { 'element-6066-11e4-a52e-4f735466cecf': 'ELEMENT-118' },
  { 'element-6066-11e4-a52e-4f735466cecf': 'ELEMENT-119' },
  { 'element-6066-11e4-a52e-4f735466cecf': 'ELEMENT-120' },
  { 'element-6066-11e4-a52e-4f735466cecf': 'ELEMENT-121' },
  { 'element-6066-11e4-a52e-4f735466cecf': 'ELEMENT-122' },
  { 'element-6066-11e4-a52e-4f735466cecf': 'ELEMENT-123' },
  { 'element-6066-11e4-a52e-4f735466cecf': 'ELEMENT-124' },
  { 'element-6066-11e4-a52e-4f735466cecf': 'ELEMENT-125' },
  { 'element-6066-11e4-a52e-4f735466cecf': 'ELEMENT-126' },
  { 'element-6066-11e4-a52e-4f735466cecf': 'ELEMENT-127' },
  { 'element-6066-11e4-a52e-4f735466cecf': 'ELEMENT-128' },
  { 'element-6066-11e4-a52e-4f735466cecf': 'ELEMENT-129' },
  { 'element-6066-11e4-a52e-4f735466cecf': 'ELEMENT-130' },
  { 'element-6066-11e4-a52e-4f735466cecf': 'ELEMENT-131' },
  { 'element-6066-11e4-a52e-4f735466cecf': 'ELEMENT-132' },
  { 'element-6066-11e4-a52e-4f735466cecf': 'ELEMENT-133' },
  { 'element-6066-11e4-a52e-4f735466cecf': 'ELEMENT-134' },
  { 'element-6066-11e4-a52e-4f735466cecf': 'ELEMENT-135' },
  { 'element-6066-11e4-a52e-4f735466cecf': 'ELEMENT-136' },
  { 'element-6066-11e4-a52e-4f735466cecf': 'ELEMENT-137' },
  { 'element-6066-11e4-a52e-4f735466cecf': 'ELEMENT-138' },
  { 'element-6066-11e4-a52e-4f735466cecf': 'ELEMENT-139' },
  { 'element-6066-11e4-a52e-4f735466cecf': 'ELEMENT-140' },
  { 'element-6066-11e4-a52e-4f735466cecf': 'ELEMENT-141' },
  { 'element-6066-11e4-a52e-4f735466cecf': 'ELEMENT-142' },
  { 'element-6066-11e4-a52e-4f735466cecf': 'ELEMENT-143' },
  { 'element-6066-11e4-a52e-4f735466cecf': 'ELEMENT-144' },
  { 'element-6066-11e4-a52e-4f735466cecf': 'ELEMENT-145' },
  { 'element-6066-11e4-a52e-4f735466cecf': 'ELEMENT-146' },
  { 'element-6066-11e4-a52e-4f735466cecf': 'ELEMENT-147' },
  { 'element-6066-11e4-a52e-4f735466cecf': 'ELEMENT-148' },
  { 'element-6066-11e4-a52e-4f735466cecf': 'ELEMENT-149' },
  { 'element-6066-11e4-a52e-4f735466cecf': 'ELEMENT-150' },
  { 'element-6066-11e4-a52e-4f735466cecf': 'ELEMENT-151' },
  { 'element-6066-11e4-a52e-4f735466cecf': 'ELEMENT-152' },
  { 'element-6066-11e4-a52e-4f735466cecf': 'ELEMENT-153' },
  { 'element-6066-11e4-a52e-4f735466cecf': 'ELEMENT-154' },
  { 'element-6066-11e4-a52e-4f735466cecf': 'ELEMENT-155' },
  { 'element-6066-11e4-a52e-4f735466cecf': 'ELEMENT-156' },
  { 'element-6066-11e4-a52e-4f735466cecf': 'ELEMENT-157' },
  { 'element-6066-11e4-a52e-4f735466cecf': 'ELEMENT-158' },
  { 'element-6066-11e4-a52e-4f735466cecf': 'ELEMENT-159' },
  { 'element-6066-11e4-a52e-4f735466cecf': 'ELEMENT-160' },
  { 'element-6066-11e4-a52e-4f735466cecf': 'ELEMENT-161' },
  { 'element-6066-11e4-a52e-4f735466cecf': 'ELEMENT-162' },
  { 'element-6066-11e4-a52e-4f735466cecf': 'ELEMENT-163' },
  { 'element-6066-11e4-a52e-4f735466cecf': 'ELEMENT-164' },
  { 'element-6066-11e4-a52e-4f735466cecf': 'ELEMENT-165' },
  { 'element-6066-11e4-a52e-4f735466cecf': 'ELEMENT-166' },
  { 'element-6066-11e4-a52e-4f735466cecf': 'ELEMENT-167' },
  { 'element-6066-11e4-a52e-4f735466cecf': 'ELEMENT-168' },
  { 'element-6066-11e4-a52e-4f735466cecf': 'ELEMENT-169' },
  { 'element-6066-11e4-a52e-4f735466cecf': 'ELEMENT-170' },
  { 'element-6066-11e4-a52e-4f735466cecf': 'ELEMENT-171' },
  { 'element-6066-11e4-a52e-4f735466cecf': 'ELEMENT-172' },
  { 'element-6066-11e4-a52e-4f735466cecf': 'ELEMENT-173' },
  { 'element-6066-11e4-a52e-4f735466cecf': 'ELEMENT-174' },
  { 'element-6066-11e4-a52e-4f735466cecf': 'ELEMENT-175' },
  { 'element-6066-11e4-a52e-4f735466cecf': 'ELEMENT-176' },
  { 'element-6066-11e4-a52e-4f735466cecf': 'ELEMENT-177' },
  { 'element-6066-11e4-a52e-4f735466cecf': 'ELEMENT-178' },
  { 'element-6066-11e4-a52e-4f735466cecf': 'ELEMENT-179' },
  { 'element-6066-11e4-a52e-4f735466cecf': 'ELEMENT-180' },
  { 'element-6066-11e4-a52e-4f735466cecf': 'ELEMENT-181' },
  { 'element-6066-11e4-a52e-4f735466cecf': 'ELEMENT-182' },
  { 'element-6066-11e4-a52e-4f735466cecf': 'ELEMENT-183' },
  { 'element-6066-11e4-a52e-4f735466cecf': 'ELEMENT-184' },
  { 'element-6066-11e4-a52e-4f735466cecf': 'ELEMENT-185' },
  { 'element-6066-11e4-a52e-4f735466cecf': 'ELEMENT-186' },
  { 'element-6066-11e4-a52e-4f735466cecf': 'ELEMENT-187' },
  { 'element-6066-11e4-a52e-4f735466cecf': 'ELEMENT-188' }
]
2021-01-11T18:17:07.690Z INFO devtools: COMMAND findElements("css selector", "[class|=ListingPageElements__MainContent] [data-testid=generic-product]")
2021-01-11T18:17:07.696Z INFO devtools: RESULT [
  { 'element-6066-11e4-a52e-4f735466cecf': 'ELEMENT-189' },
  { 'element-6066-11e4-a52e-4f735466cecf': 'ELEMENT-190' },
  { 'element-6066-11e4-a52e-4f735466cecf': 'ELEMENT-191' },
  { 'element-6066-11e4-a52e-4f735466cecf': 'ELEMENT-192' },
  { 'element-6066-11e4-a52e-4f735466cecf': 'ELEMENT-193' },
  { 'element-6066-11e4-a52e-4f735466cecf': 'ELEMENT-194' },
  { 'element-6066-11e4-a52e-4f735466cecf': 'ELEMENT-195' },
  { 'element-6066-11e4-a52e-4f735466cecf': 'ELEMENT-196' },
  { 'element-6066-11e4-a52e-4f735466cecf': 'ELEMENT-197' },
  { 'element-6066-11e4-a52e-4f735466cecf': 'ELEMENT-198' },
  { 'element-6066-11e4-a52e-4f735466cecf': 'ELEMENT-199' },
  { 'element-6066-11e4-a52e-4f735466cecf': 'ELEMENT-200' },
  { 'element-6066-11e4-a52e-4f735466cecf': 'ELEMENT-201' },
  { 'element-6066-11e4-a52e-4f735466cecf': 'ELEMENT-202' },
  { 'element-6066-11e4-a52e-4f735466cecf': 'ELEMENT-203' },
  { 'element-6066-11e4-a52e-4f735466cecf': 'ELEMENT-204' },
  { 'element-6066-11e4-a52e-4f735466cecf': 'ELEMENT-205' },
  { 'element-6066-11e4-a52e-4f735466cecf': 'ELEMENT-206' },
  { 'element-6066-11e4-a52e-4f735466cecf': 'ELEMENT-207' },
  { 'element-6066-11e4-a52e-4f735466cecf': 'ELEMENT-208' },
  { 'element-6066-11e4-a52e-4f735466cecf': 'ELEMENT-209' },
  { 'element-6066-11e4-a52e-4f735466cecf': 'ELEMENT-210' },
  { 'element-6066-11e4-a52e-4f735466cecf': 'ELEMENT-211' },
  { 'element-6066-11e4-a52e-4f735466cecf': 'ELEMENT-212' },
  { 'element-6066-11e4-a52e-4f735466cecf': 'ELEMENT-213' },
  { 'element-6066-11e4-a52e-4f735466cecf': 'ELEMENT-214' },
  { 'element-6066-11e4-a52e-4f735466cecf': 'ELEMENT-215' },
  { 'element-6066-11e4-a52e-4f735466cecf': 'ELEMENT-216' },
  { 'element-6066-11e4-a52e-4f735466cecf': 'ELEMENT-217' },
  { 'element-6066-11e4-a52e-4f735466cecf': 'ELEMENT-218' },
  { 'element-6066-11e4-a52e-4f735466cecf': 'ELEMENT-219' },
  { 'element-6066-11e4-a52e-4f735466cecf': 'ELEMENT-220' },
  { 'element-6066-11e4-a52e-4f735466cecf': 'ELEMENT-221' },
  { 'element-6066-11e4-a52e-4f735466cecf': 'ELEMENT-222' },
  { 'element-6066-11e4-a52e-4f735466cecf': 'ELEMENT-223' },
  { 'element-6066-11e4-a52e-4f735466cecf': 'ELEMENT-224' },
  { 'element-6066-11e4-a52e-4f735466cecf': 'ELEMENT-225' },
  { 'element-6066-11e4-a52e-4f735466cecf': 'ELEMENT-226' },
  { 'element-6066-11e4-a52e-4f735466cecf': 'ELEMENT-227' },
  { 'element-6066-11e4-a52e-4f735466cecf': 'ELEMENT-228' },
  { 'element-6066-11e4-a52e-4f735466cecf': 'ELEMENT-229' },
  { 'element-6066-11e4-a52e-4f735466cecf': 'ELEMENT-230' },
  { 'element-6066-11e4-a52e-4f735466cecf': 'ELEMENT-231' },
  { 'element-6066-11e4-a52e-4f735466cecf': 'ELEMENT-232' },
  { 'element-6066-11e4-a52e-4f735466cecf': 'ELEMENT-233' },
  { 'element-6066-11e4-a52e-4f735466cecf': 'ELEMENT-234' },
  { 'element-6066-11e4-a52e-4f735466cecf': 'ELEMENT-235' },
  { 'element-6066-11e4-a52e-4f735466cecf': 'ELEMENT-236' },
  { 'element-6066-11e4-a52e-4f735466cecf': 'ELEMENT-237' },
  { 'element-6066-11e4-a52e-4f735466cecf': 'ELEMENT-238' },
  { 'element-6066-11e4-a52e-4f735466cecf': 'ELEMENT-239' },
  { 'element-6066-11e4-a52e-4f735466cecf': 'ELEMENT-240' },
  { 'element-6066-11e4-a52e-4f735466cecf': 'ELEMENT-241' },
  { 'element-6066-11e4-a52e-4f735466cecf': 'ELEMENT-242' },
  { 'element-6066-11e4-a52e-4f735466cecf': 'ELEMENT-243' },
  { 'element-6066-11e4-a52e-4f735466cecf': 'ELEMENT-244' },
  { 'element-6066-11e4-a52e-4f735466cecf': 'ELEMENT-245' },
  { 'element-6066-11e4-a52e-4f735466cecf': 'ELEMENT-246' },
  { 'element-6066-11e4-a52e-4f735466cecf': 'ELEMENT-247' },
  { 'element-6066-11e4-a52e-4f735466cecf': 'ELEMENT-248' },
  { 'element-6066-11e4-a52e-4f735466cecf': 'ELEMENT-249' },
  { 'element-6066-11e4-a52e-4f735466cecf': 'ELEMENT-250' },
  { 'element-6066-11e4-a52e-4f735466cecf': 'ELEMENT-251' },
  { 'element-6066-11e4-a52e-4f735466cecf': 'ELEMENT-252' },
  { 'element-6066-11e4-a52e-4f735466cecf': 'ELEMENT-253' },
  { 'element-6066-11e4-a52e-4f735466cecf': 'ELEMENT-254' },
  { 'element-6066-11e4-a52e-4f735466cecf': 'ELEMENT-255' },
  { 'element-6066-11e4-a52e-4f735466cecf': 'ELEMENT-256' },
  { 'element-6066-11e4-a52e-4f735466cecf': 'ELEMENT-257' },
  { 'element-6066-11e4-a52e-4f735466cecf': 'ELEMENT-258' },
  { 'element-6066-11e4-a52e-4f735466cecf': 'ELEMENT-259' },
  { 'element-6066-11e4-a52e-4f735466cecf': 'ELEMENT-260' },
  { 'element-6066-11e4-a52e-4f735466cecf': 'ELEMENT-261' },
  { 'element-6066-11e4-a52e-4f735466cecf': 'ELEMENT-262' },
  { 'element-6066-11e4-a52e-4f735466cecf': 'ELEMENT-263' },
  { 'element-6066-11e4-a52e-4f735466cecf': 'ELEMENT-264' },
  { 'element-6066-11e4-a52e-4f735466cecf': 'ELEMENT-265' },
  { 'element-6066-11e4-a52e-4f735466cecf': 'ELEMENT-266' },
  { 'element-6066-11e4-a52e-4f735466cecf': 'ELEMENT-267' },
  { 'element-6066-11e4-a52e-4f735466cecf': 'ELEMENT-268' },
  { 'element-6066-11e4-a52e-4f735466cecf': 'ELEMENT-269' },
  { 'element-6066-11e4-a52e-4f735466cecf': 'ELEMENT-270' },
  { 'element-6066-11e4-a52e-4f735466cecf': 'ELEMENT-271' },
  { 'element-6066-11e4-a52e-4f735466cecf': 'ELEMENT-272' },
  { 'element-6066-11e4-a52e-4f735466cecf': 'ELEMENT-273' },
  { 'element-6066-11e4-a52e-4f735466cecf': 'ELEMENT-274' },
  { 'element-6066-11e4-a52e-4f735466cecf': 'ELEMENT-275' },
  { 'element-6066-11e4-a52e-4f735466cecf': 'ELEMENT-276' },
  { 'element-6066-11e4-a52e-4f735466cecf': 'ELEMENT-277' },
  { 'element-6066-11e4-a52e-4f735466cecf': 'ELEMENT-278' }
]
2021-01-11T18:17:07.739Z INFO devtools: COMMAND findElements("css selector", "[class|=ListingPageElements__MainContent] [data-testid=generic-product]")
2021-01-11T18:17:07.744Z INFO devtools: RESULT [
  { 'element-6066-11e4-a52e-4f735466cecf': 'ELEMENT-279' },
  { 'element-6066-11e4-a52e-4f735466cecf': 'ELEMENT-280' },
  { 'element-6066-11e4-a52e-4f735466cecf': 'ELEMENT-281' },
  { 'element-6066-11e4-a52e-4f735466cecf': 'ELEMENT-282' },
  { 'element-6066-11e4-a52e-4f735466cecf': 'ELEMENT-283' },
  { 'element-6066-11e4-a52e-4f735466cecf': 'ELEMENT-284' },
  { 'element-6066-11e4-a52e-4f735466cecf': 'ELEMENT-285' },
  { 'element-6066-11e4-a52e-4f735466cecf': 'ELEMENT-286' },
  { 'element-6066-11e4-a52e-4f735466cecf': 'ELEMENT-287' },
  { 'element-6066-11e4-a52e-4f735466cecf': 'ELEMENT-288' },
  { 'element-6066-11e4-a52e-4f735466cecf': 'ELEMENT-289' },
  { 'element-6066-11e4-a52e-4f735466cecf': 'ELEMENT-290' },
  { 'element-6066-11e4-a52e-4f735466cecf': 'ELEMENT-291' },
  { 'element-6066-11e4-a52e-4f735466cecf': 'ELEMENT-292' },
  { 'element-6066-11e4-a52e-4f735466cecf': 'ELEMENT-293' },
  { 'element-6066-11e4-a52e-4f735466cecf': 'ELEMENT-294' },
  { 'element-6066-11e4-a52e-4f735466cecf': 'ELEMENT-295' },
  { 'element-6066-11e4-a52e-4f735466cecf': 'ELEMENT-296' },
  { 'element-6066-11e4-a52e-4f735466cecf': 'ELEMENT-297' },
  { 'element-6066-11e4-a52e-4f735466cecf': 'ELEMENT-298' },
  { 'element-6066-11e4-a52e-4f735466cecf': 'ELEMENT-299' },
  { 'element-6066-11e4-a52e-4f735466cecf': 'ELEMENT-300' },
  { 'element-6066-11e4-a52e-4f735466cecf': 'ELEMENT-301' },
  { 'element-6066-11e4-a52e-4f735466cecf': 'ELEMENT-302' },
  { 'element-6066-11e4-a52e-4f735466cecf': 'ELEMENT-303' },
  { 'element-6066-11e4-a52e-4f735466cecf': 'ELEMENT-304' },
  { 'element-6066-11e4-a52e-4f735466cecf': 'ELEMENT-305' },
  { 'element-6066-11e4-a52e-4f735466cecf': 'ELEMENT-306' },
  { 'element-6066-11e4-a52e-4f735466cecf': 'ELEMENT-307' },
  { 'element-6066-11e4-a52e-4f735466cecf': 'ELEMENT-308' },
  { 'element-6066-11e4-a52e-4f735466cecf': 'ELEMENT-309' },
  { 'element-6066-11e4-a52e-4f735466cecf': 'ELEMENT-310' },
  { 'element-6066-11e4-a52e-4f735466cecf': 'ELEMENT-311' },
  { 'element-6066-11e4-a52e-4f735466cecf': 'ELEMENT-312' },
  { 'element-6066-11e4-a52e-4f735466cecf': 'ELEMENT-313' },
  { 'element-6066-11e4-a52e-4f735466cecf': 'ELEMENT-314' },
  { 'element-6066-11e4-a52e-4f735466cecf': 'ELEMENT-315' },
  { 'element-6066-11e4-a52e-4f735466cecf': 'ELEMENT-316' },
  { 'element-6066-11e4-a52e-4f735466cecf': 'ELEMENT-317' },
  { 'element-6066-11e4-a52e-4f735466cecf': 'ELEMENT-318' },
  { 'element-6066-11e4-a52e-4f735466cecf': 'ELEMENT-319' },
  { 'element-6066-11e4-a52e-4f735466cecf': 'ELEMENT-320' },
  { 'element-6066-11e4-a52e-4f735466cecf': 'ELEMENT-321' },
  { 'element-6066-11e4-a52e-4f735466cecf': 'ELEMENT-322' },
  { 'element-6066-11e4-a52e-4f735466cecf': 'ELEMENT-323' },
  { 'element-6066-11e4-a52e-4f735466cecf': 'ELEMENT-324' },
  { 'element-6066-11e4-a52e-4f735466cecf': 'ELEMENT-325' },
  { 'element-6066-11e4-a52e-4f735466cecf': 'ELEMENT-326' },
  { 'element-6066-11e4-a52e-4f735466cecf': 'ELEMENT-327' },
  { 'element-6066-11e4-a52e-4f735466cecf': 'ELEMENT-328' },
  { 'element-6066-11e4-a52e-4f735466cecf': 'ELEMENT-329' },
  { 'element-6066-11e4-a52e-4f735466cecf': 'ELEMENT-330' },
  { 'element-6066-11e4-a52e-4f735466cecf': 'ELEMENT-331' },
  { 'element-6066-11e4-a52e-4f735466cecf': 'ELEMENT-332' },
  { 'element-6066-11e4-a52e-4f735466cecf': 'ELEMENT-333' },
  { 'element-6066-11e4-a52e-4f735466cecf': 'ELEMENT-334' },
  { 'element-6066-11e4-a52e-4f735466cecf': 'ELEMENT-335' },
  { 'element-6066-11e4-a52e-4f735466cecf': 'ELEMENT-336' },
  { 'element-6066-11e4-a52e-4f735466cecf': 'ELEMENT-337' },
  { 'element-6066-11e4-a52e-4f735466cecf': 'ELEMENT-338' },
  { 'element-6066-11e4-a52e-4f735466cecf': 'ELEMENT-339' },
  { 'element-6066-11e4-a52e-4f735466cecf': 'ELEMENT-340' },
  { 'element-6066-11e4-a52e-4f735466cecf': 'ELEMENT-341' },
  { 'element-6066-11e4-a52e-4f735466cecf': 'ELEMENT-342' },
  { 'element-6066-11e4-a52e-4f735466cecf': 'ELEMENT-343' },
  { 'element-6066-11e4-a52e-4f735466cecf': 'ELEMENT-344' },
  { 'element-6066-11e4-a52e-4f735466cecf': 'ELEMENT-345' },
  { 'element-6066-11e4-a52e-4f735466cecf': 'ELEMENT-346' },
  { 'element-6066-11e4-a52e-4f735466cecf': 'ELEMENT-347' },
  { 'element-6066-11e4-a52e-4f735466cecf': 'ELEMENT-348' },
  { 'element-6066-11e4-a52e-4f735466cecf': 'ELEMENT-349' },
  { 'element-6066-11e4-a52e-4f735466cecf': 'ELEMENT-350' },
  { 'element-6066-11e4-a52e-4f735466cecf': 'ELEMENT-351' },
  { 'element-6066-11e4-a52e-4f735466cecf': 'ELEMENT-352' },
  { 'element-6066-11e4-a52e-4f735466cecf': 'ELEMENT-353' },
  { 'element-6066-11e4-a52e-4f735466cecf': 'ELEMENT-354' },
  { 'element-6066-11e4-a52e-4f735466cecf': 'ELEMENT-355' },
  { 'element-6066-11e4-a52e-4f735466cecf': 'ELEMENT-356' },
  { 'element-6066-11e4-a52e-4f735466cecf': 'ELEMENT-357' },
  { 'element-6066-11e4-a52e-4f735466cecf': 'ELEMENT-358' },
  { 'element-6066-11e4-a52e-4f735466cecf': 'ELEMENT-359' },
  { 'element-6066-11e4-a52e-4f735466cecf': 'ELEMENT-360' },
  { 'element-6066-11e4-a52e-4f735466cecf': 'ELEMENT-361' },
  { 'element-6066-11e4-a52e-4f735466cecf': 'ELEMENT-362' },
  { 'element-6066-11e4-a52e-4f735466cecf': 'ELEMENT-363' },
  { 'element-6066-11e4-a52e-4f735466cecf': 'ELEMENT-364' },
  { 'element-6066-11e4-a52e-4f735466cecf': 'ELEMENT-365' },
  { 'element-6066-11e4-a52e-4f735466cecf': 'ELEMENT-366' },
  { 'element-6066-11e4-a52e-4f735466cecf': 'ELEMENT-367' },
  { 'element-6066-11e4-a52e-4f735466cecf': 'ELEMENT-368' }
]
2021-01-11T18:17:07.786Z INFO devtools: COMMAND findElementFromElement("ELEMENT-279", "css selector", "[class|=WishlistIcon__StyledWishlistIconWrapper]")
2021-01-11T18:17:07.788Z INFO devtools: RESULT { 'element-6066-11e4-a52e-4f735466cecf': 'ELEMENT-369' }
2021-01-11T18:17:07.793Z INFO devtools: COMMAND elementClick("ELEMENT-369")
2021-01-11T18:17:07.901Z INFO devtools: RESULT null
2021-01-11T18:17:12.909Z INFO devtools: COMMAND findElement("css selector", "[data-testid=login_and_register]")
2021-01-11T18:17:12.911Z INFO devtools: RESULT { 'element-6066-11e4-a52e-4f735466cecf': 'ELEMENT-370' }
2021-01-11T18:17:12.914Z INFO devtools: COMMAND findElements("css selector", "[data-testid=login_and_register]")
2021-01-11T18:17:12.917Z INFO devtools: RESULT [ { 'element-6066-11e4-a52e-4f735466cecf': 'ELEMENT-371' } ]
2021-01-11T18:17:12.922Z INFO devtools: COMMAND findElement("css selector", "[data-testid=login_reg_switch_btn]")
2021-01-11T18:17:12.923Z INFO devtools: RESULT { 'element-6066-11e4-a52e-4f735466cecf': 'ELEMENT-372' }
2021-01-11T18:17:12.926Z INFO devtools: COMMAND findElements("css selector", "[data-testid=login_reg_switch_btn]")
2021-01-11T18:17:12.929Z INFO devtools: RESULT [ { 'element-6066-11e4-a52e-4f735466cecf': 'ELEMENT-373' } ]
2021-01-11T18:17:12.931Z INFO devtools: COMMAND findElement("css selector", "[data-testid=login_reg_switch_btn]")
2021-01-11T18:17:12.932Z INFO devtools: RESULT { 'element-6066-11e4-a52e-4f735466cecf': 'ELEMENT-374' }
2021-01-11T18:17:12.935Z INFO devtools: COMMAND elementClick("ELEMENT-374")
2021-01-11T18:17:12.966Z INFO devtools: RESULT null
2021-01-11T18:17:15.969Z INFO devtools: COMMAND findElement("css selector", "input[name=email]")
2021-01-11T18:17:15.970Z INFO devtools: RESULT { 'element-6066-11e4-a52e-4f735466cecf': 'ELEMENT-375' }
2021-01-11T18:17:15.973Z INFO devtools: COMMAND elementClear("ELEMENT-375")
2021-01-11T18:17:15.986Z INFO devtools: RESULT null
2021-01-11T18:17:15.988Z INFO devtools: COMMAND elementSendKeys("ELEMENT-375", "naveen11.gct@gmail.com")
2021-01-11T18:17:16.083Z INFO devtools: RESULT null
2021-01-11T18:17:17.088Z INFO devtools: COMMAND findElement("css selector", "input[name=password]")
2021-01-11T18:17:17.089Z INFO devtools: RESULT { 'element-6066-11e4-a52e-4f735466cecf': 'ELEMENT-376' }
2021-01-11T18:17:17.094Z INFO devtools: COMMAND elementClear("ELEMENT-376")
2021-01-11T18:17:17.100Z INFO devtools: RESULT null
2021-01-11T18:17:17.102Z INFO devtools: COMMAND elementSendKeys("ELEMENT-376", "westwing1")
2021-01-11T18:17:17.157Z INFO devtools: RESULT null
2021-01-11T18:17:18.167Z INFO devtools: COMMAND findElement("css selector", "button[type=submit]")
2021-01-11T18:17:18.169Z INFO devtools: RESULT { 'element-6066-11e4-a52e-4f735466cecf': 'ELEMENT-377' }
2021-01-11T18:17:18.173Z INFO devtools: COMMAND elementClick("ELEMENT-377")
2021-01-11T18:17:18.253Z INFO devtools: RESULT null
2021-01-11T18:17:23.261Z INFO devtools: COMMAND findElements("css selector", "[class|=ListingPageElements__MainContent] [data-testid=generic-product]")
2021-01-11T18:17:23.267Z INFO devtools: RESULT [
  { 'element-6066-11e4-a52e-4f735466cecf': 'ELEMENT-378' },
  { 'element-6066-11e4-a52e-4f735466cecf': 'ELEMENT-379' },
  { 'element-6066-11e4-a52e-4f735466cecf': 'ELEMENT-380' },
  { 'element-6066-11e4-a52e-4f735466cecf': 'ELEMENT-381' },
  { 'element-6066-11e4-a52e-4f735466cecf': 'ELEMENT-382' },
  { 'element-6066-11e4-a52e-4f735466cecf': 'ELEMENT-383' },
  { 'element-6066-11e4-a52e-4f735466cecf': 'ELEMENT-384' },
  { 'element-6066-11e4-a52e-4f735466cecf': 'ELEMENT-385' },
  { 'element-6066-11e4-a52e-4f735466cecf': 'ELEMENT-386' },
  { 'element-6066-11e4-a52e-4f735466cecf': 'ELEMENT-387' },
  { 'element-6066-11e4-a52e-4f735466cecf': 'ELEMENT-388' },
  { 'element-6066-11e4-a52e-4f735466cecf': 'ELEMENT-389' },
  { 'element-6066-11e4-a52e-4f735466cecf': 'ELEMENT-390' },
  { 'element-6066-11e4-a52e-4f735466cecf': 'ELEMENT-391' },
  { 'element-6066-11e4-a52e-4f735466cecf': 'ELEMENT-392' },
  { 'element-6066-11e4-a52e-4f735466cecf': 'ELEMENT-393' },
  { 'element-6066-11e4-a52e-4f735466cecf': 'ELEMENT-394' },
  { 'element-6066-11e4-a52e-4f735466cecf': 'ELEMENT-395' },
  { 'element-6066-11e4-a52e-4f735466cecf': 'ELEMENT-396' },
  { 'element-6066-11e4-a52e-4f735466cecf': 'ELEMENT-397' },
  { 'element-6066-11e4-a52e-4f735466cecf': 'ELEMENT-398' },
  { 'element-6066-11e4-a52e-4f735466cecf': 'ELEMENT-399' },
  { 'element-6066-11e4-a52e-4f735466cecf': 'ELEMENT-400' },
  { 'element-6066-11e4-a52e-4f735466cecf': 'ELEMENT-401' },
  { 'element-6066-11e4-a52e-4f735466cecf': 'ELEMENT-402' },
  { 'element-6066-11e4-a52e-4f735466cecf': 'ELEMENT-403' },
  { 'element-6066-11e4-a52e-4f735466cecf': 'ELEMENT-404' },
  { 'element-6066-11e4-a52e-4f735466cecf': 'ELEMENT-405' },
  { 'element-6066-11e4-a52e-4f735466cecf': 'ELEMENT-406' },
  { 'element-6066-11e4-a52e-4f735466cecf': 'ELEMENT-407' },
  { 'element-6066-11e4-a52e-4f735466cecf': 'ELEMENT-408' },
  { 'element-6066-11e4-a52e-4f735466cecf': 'ELEMENT-409' },
  { 'element-6066-11e4-a52e-4f735466cecf': 'ELEMENT-410' },
  { 'element-6066-11e4-a52e-4f735466cecf': 'ELEMENT-411' },
  { 'element-6066-11e4-a52e-4f735466cecf': 'ELEMENT-412' },
  { 'element-6066-11e4-a52e-4f735466cecf': 'ELEMENT-413' },
  { 'element-6066-11e4-a52e-4f735466cecf': 'ELEMENT-414' },
  { 'element-6066-11e4-a52e-4f735466cecf': 'ELEMENT-415' },
  { 'element-6066-11e4-a52e-4f735466cecf': 'ELEMENT-416' },
  { 'element-6066-11e4-a52e-4f735466cecf': 'ELEMENT-417' },
  { 'element-6066-11e4-a52e-4f735466cecf': 'ELEMENT-418' },
  { 'element-6066-11e4-a52e-4f735466cecf': 'ELEMENT-419' },
  { 'element-6066-11e4-a52e-4f735466cecf': 'ELEMENT-420' },
  { 'element-6066-11e4-a52e-4f735466cecf': 'ELEMENT-421' },
  { 'element-6066-11e4-a52e-4f735466cecf': 'ELEMENT-422' },
  { 'element-6066-11e4-a52e-4f735466cecf': 'ELEMENT-423' },
  { 'element-6066-11e4-a52e-4f735466cecf': 'ELEMENT-424' },
  { 'element-6066-11e4-a52e-4f735466cecf': 'ELEMENT-425' },
  { 'element-6066-11e4-a52e-4f735466cecf': 'ELEMENT-426' },
  { 'element-6066-11e4-a52e-4f735466cecf': 'ELEMENT-427' },
  { 'element-6066-11e4-a52e-4f735466cecf': 'ELEMENT-428' },
  { 'element-6066-11e4-a52e-4f735466cecf': 'ELEMENT-429' },
  { 'element-6066-11e4-a52e-4f735466cecf': 'ELEMENT-430' },
  { 'element-6066-11e4-a52e-4f735466cecf': 'ELEMENT-431' },
  { 'element-6066-11e4-a52e-4f735466cecf': 'ELEMENT-432' },
  { 'element-6066-11e4-a52e-4f735466cecf': 'ELEMENT-433' },
  { 'element-6066-11e4-a52e-4f735466cecf': 'ELEMENT-434' },
  { 'element-6066-11e4-a52e-4f735466cecf': 'ELEMENT-435' },
  { 'element-6066-11e4-a52e-4f735466cecf': 'ELEMENT-436' },
  { 'element-6066-11e4-a52e-4f735466cecf': 'ELEMENT-437' },
  { 'element-6066-11e4-a52e-4f735466cecf': 'ELEMENT-438' },
  { 'element-6066-11e4-a52e-4f735466cecf': 'ELEMENT-439' },
  { 'element-6066-11e4-a52e-4f735466cecf': 'ELEMENT-440' },
  { 'element-6066-11e4-a52e-4f735466cecf': 'ELEMENT-441' },
  { 'element-6066-11e4-a52e-4f735466cecf': 'ELEMENT-442' },
  { 'element-6066-11e4-a52e-4f735466cecf': 'ELEMENT-443' },
  { 'element-6066-11e4-a52e-4f735466cecf': 'ELEMENT-444' },
  { 'element-6066-11e4-a52e-4f735466cecf': 'ELEMENT-445' },
  { 'element-6066-11e4-a52e-4f735466cecf': 'ELEMENT-446' },
  { 'element-6066-11e4-a52e-4f735466cecf': 'ELEMENT-447' },
  { 'element-6066-11e4-a52e-4f735466cecf': 'ELEMENT-448' },
  { 'element-6066-11e4-a52e-4f735466cecf': 'ELEMENT-449' },
  { 'element-6066-11e4-a52e-4f735466cecf': 'ELEMENT-450' },
  { 'element-6066-11e4-a52e-4f735466cecf': 'ELEMENT-451' },
  { 'element-6066-11e4-a52e-4f735466cecf': 'ELEMENT-452' },
  { 'element-6066-11e4-a52e-4f735466cecf': 'ELEMENT-453' },
  { 'element-6066-11e4-a52e-4f735466cecf': 'ELEMENT-454' },
  { 'element-6066-11e4-a52e-4f735466cecf': 'ELEMENT-455' },
  { 'element-6066-11e4-a52e-4f735466cecf': 'ELEMENT-456' },
  { 'element-6066-11e4-a52e-4f735466cecf': 'ELEMENT-457' },
  { 'element-6066-11e4-a52e-4f735466cecf': 'ELEMENT-458' },
  { 'element-6066-11e4-a52e-4f735466cecf': 'ELEMENT-459' },
  { 'element-6066-11e4-a52e-4f735466cecf': 'ELEMENT-460' },
  { 'element-6066-11e4-a52e-4f735466cecf': 'ELEMENT-461' },
  { 'element-6066-11e4-a52e-4f735466cecf': 'ELEMENT-462' },
  { 'element-6066-11e4-a52e-4f735466cecf': 'ELEMENT-463' },
  { 'element-6066-11e4-a52e-4f735466cecf': 'ELEMENT-464' },
  { 'element-6066-11e4-a52e-4f735466cecf': 'ELEMENT-465' },
  { 'element-6066-11e4-a52e-4f735466cecf': 'ELEMENT-466' },
  { 'element-6066-11e4-a52e-4f735466cecf': 'ELEMENT-467' }
]
2021-01-11T18:17:23.319Z INFO devtools: COMMAND findElementFromElement("ELEMENT-378", "css selector", "[class|=WishlistIcon__StyledWishlistIconWrapper]")
2021-01-11T18:17:23.321Z INFO devtools: RESULT { 'element-6066-11e4-a52e-4f735466cecf': 'ELEMENT-468' }
2021-01-11T18:17:23.324Z INFO devtools: COMMAND findElementsFromElement("ELEMENT-378", "css selector", "[class|=WishlistIcon__StyledWishlistIconWrapper]")
2021-01-11T18:17:23.327Z INFO devtools: RESULT [ { 'element-6066-11e4-a52e-4f735466cecf': 'ELEMENT-469' } ]
2021-01-11T18:17:23.330Z INFO devtools: COMMAND findElements("css selector", "[class|=ListingPageElements__MainContent] [data-testid=generic-product]")
2021-01-11T18:17:23.334Z INFO devtools: RESULT [
  { 'element-6066-11e4-a52e-4f735466cecf': 'ELEMENT-470' },
  { 'element-6066-11e4-a52e-4f735466cecf': 'ELEMENT-471' },
  { 'element-6066-11e4-a52e-4f735466cecf': 'ELEMENT-472' },
  { 'element-6066-11e4-a52e-4f735466cecf': 'ELEMENT-473' },
  { 'element-6066-11e4-a52e-4f735466cecf': 'ELEMENT-474' },
  { 'element-6066-11e4-a52e-4f735466cecf': 'ELEMENT-475' },
  { 'element-6066-11e4-a52e-4f735466cecf': 'ELEMENT-476' },
  { 'element-6066-11e4-a52e-4f735466cecf': 'ELEMENT-477' },
  { 'element-6066-11e4-a52e-4f735466cecf': 'ELEMENT-478' },
  { 'element-6066-11e4-a52e-4f735466cecf': 'ELEMENT-479' },
  { 'element-6066-11e4-a52e-4f735466cecf': 'ELEMENT-480' },
  { 'element-6066-11e4-a52e-4f735466cecf': 'ELEMENT-481' },
  { 'element-6066-11e4-a52e-4f735466cecf': 'ELEMENT-482' },
  { 'element-6066-11e4-a52e-4f735466cecf': 'ELEMENT-483' },
  { 'element-6066-11e4-a52e-4f735466cecf': 'ELEMENT-484' },
  { 'element-6066-11e4-a52e-4f735466cecf': 'ELEMENT-485' },
  { 'element-6066-11e4-a52e-4f735466cecf': 'ELEMENT-486' },
  { 'element-6066-11e4-a52e-4f735466cecf': 'ELEMENT-487' },
  { 'element-6066-11e4-a52e-4f735466cecf': 'ELEMENT-488' },
  { 'element-6066-11e4-a52e-4f735466cecf': 'ELEMENT-489' },
  { 'element-6066-11e4-a52e-4f735466cecf': 'ELEMENT-490' },
  { 'element-6066-11e4-a52e-4f735466cecf': 'ELEMENT-491' },
  { 'element-6066-11e4-a52e-4f735466cecf': 'ELEMENT-492' },
  { 'element-6066-11e4-a52e-4f735466cecf': 'ELEMENT-493' },
  { 'element-6066-11e4-a52e-4f735466cecf': 'ELEMENT-494' },
  { 'element-6066-11e4-a52e-4f735466cecf': 'ELEMENT-495' },
  { 'element-6066-11e4-a52e-4f735466cecf': 'ELEMENT-496' },
  { 'element-6066-11e4-a52e-4f735466cecf': 'ELEMENT-497' },
  { 'element-6066-11e4-a52e-4f735466cecf': 'ELEMENT-498' },
  { 'element-6066-11e4-a52e-4f735466cecf': 'ELEMENT-499' },
  { 'element-6066-11e4-a52e-4f735466cecf': 'ELEMENT-500' },
  { 'element-6066-11e4-a52e-4f735466cecf': 'ELEMENT-501' },
  { 'element-6066-11e4-a52e-4f735466cecf': 'ELEMENT-502' },
  { 'element-6066-11e4-a52e-4f735466cecf': 'ELEMENT-503' },
  { 'element-6066-11e4-a52e-4f735466cecf': 'ELEMENT-504' },
  { 'element-6066-11e4-a52e-4f735466cecf': 'ELEMENT-505' },
  { 'element-6066-11e4-a52e-4f735466cecf': 'ELEMENT-506' },
  { 'element-6066-11e4-a52e-4f735466cecf': 'ELEMENT-507' },
  { 'element-6066-11e4-a52e-4f735466cecf': 'ELEMENT-508' },
  { 'element-6066-11e4-a52e-4f735466cecf': 'ELEMENT-509' },
  { 'element-6066-11e4-a52e-4f735466cecf': 'ELEMENT-510' },
  { 'element-6066-11e4-a52e-4f735466cecf': 'ELEMENT-511' },
  { 'element-6066-11e4-a52e-4f735466cecf': 'ELEMENT-512' },
  { 'element-6066-11e4-a52e-4f735466cecf': 'ELEMENT-513' },
  { 'element-6066-11e4-a52e-4f735466cecf': 'ELEMENT-514' },
  { 'element-6066-11e4-a52e-4f735466cecf': 'ELEMENT-515' },
  { 'element-6066-11e4-a52e-4f735466cecf': 'ELEMENT-516' },
  { 'element-6066-11e4-a52e-4f735466cecf': 'ELEMENT-517' },
  { 'element-6066-11e4-a52e-4f735466cecf': 'ELEMENT-518' },
  { 'element-6066-11e4-a52e-4f735466cecf': 'ELEMENT-519' },
  { 'element-6066-11e4-a52e-4f735466cecf': 'ELEMENT-520' },
  { 'element-6066-11e4-a52e-4f735466cecf': 'ELEMENT-521' },
  { 'element-6066-11e4-a52e-4f735466cecf': 'ELEMENT-522' },
  { 'element-6066-11e4-a52e-4f735466cecf': 'ELEMENT-523' },
  { 'element-6066-11e4-a52e-4f735466cecf': 'ELEMENT-524' },
  { 'element-6066-11e4-a52e-4f735466cecf': 'ELEMENT-525' },
  { 'element-6066-11e4-a52e-4f735466cecf': 'ELEMENT-526' },
  { 'element-6066-11e4-a52e-4f735466cecf': 'ELEMENT-527' },
  { 'element-6066-11e4-a52e-4f735466cecf': 'ELEMENT-528' },
  { 'element-6066-11e4-a52e-4f735466cecf': 'ELEMENT-529' },
  { 'element-6066-11e4-a52e-4f735466cecf': 'ELEMENT-530' },
  { 'element-6066-11e4-a52e-4f735466cecf': 'ELEMENT-531' },
  { 'element-6066-11e4-a52e-4f735466cecf': 'ELEMENT-532' },
  { 'element-6066-11e4-a52e-4f735466cecf': 'ELEMENT-533' },
  { 'element-6066-11e4-a52e-4f735466cecf': 'ELEMENT-534' },
  { 'element-6066-11e4-a52e-4f735466cecf': 'ELEMENT-535' },
  { 'element-6066-11e4-a52e-4f735466cecf': 'ELEMENT-536' },
  { 'element-6066-11e4-a52e-4f735466cecf': 'ELEMENT-537' },
  { 'element-6066-11e4-a52e-4f735466cecf': 'ELEMENT-538' },
  { 'element-6066-11e4-a52e-4f735466cecf': 'ELEMENT-539' },
  { 'element-6066-11e4-a52e-4f735466cecf': 'ELEMENT-540' },
  { 'element-6066-11e4-a52e-4f735466cecf': 'ELEMENT-541' },
  { 'element-6066-11e4-a52e-4f735466cecf': 'ELEMENT-542' },
  { 'element-6066-11e4-a52e-4f735466cecf': 'ELEMENT-543' },
  { 'element-6066-11e4-a52e-4f735466cecf': 'ELEMENT-544' },
  { 'element-6066-11e4-a52e-4f735466cecf': 'ELEMENT-545' },
  { 'element-6066-11e4-a52e-4f735466cecf': 'ELEMENT-546' },
  { 'element-6066-11e4-a52e-4f735466cecf': 'ELEMENT-547' },
  { 'element-6066-11e4-a52e-4f735466cecf': 'ELEMENT-548' },
  { 'element-6066-11e4-a52e-4f735466cecf': 'ELEMENT-549' },
  { 'element-6066-11e4-a52e-4f735466cecf': 'ELEMENT-550' },
  { 'element-6066-11e4-a52e-4f735466cecf': 'ELEMENT-551' },
  { 'element-6066-11e4-a52e-4f735466cecf': 'ELEMENT-552' },
  { 'element-6066-11e4-a52e-4f735466cecf': 'ELEMENT-553' },
  { 'element-6066-11e4-a52e-4f735466cecf': 'ELEMENT-554' },
  { 'element-6066-11e4-a52e-4f735466cecf': 'ELEMENT-555' },
  { 'element-6066-11e4-a52e-4f735466cecf': 'ELEMENT-556' },
  { 'element-6066-11e4-a52e-4f735466cecf': 'ELEMENT-557' },
  { 'element-6066-11e4-a52e-4f735466cecf': 'ELEMENT-558' },
  { 'element-6066-11e4-a52e-4f735466cecf': 'ELEMENT-559' }
]
2021-01-11T18:17:23.377Z INFO devtools: COMMAND findElementFromElement("ELEMENT-470", "css selector", "[class|=WishlistIcon__StyledWishlistIconWrapper] svg")
2021-01-11T18:17:23.378Z INFO devtools: RESULT { 'element-6066-11e4-a52e-4f735466cecf': 'ELEMENT-560' }
2021-01-11T18:17:23.384Z INFO devtools: COMMAND getElementAttribute("ELEMENT-560", "data-filled")
2021-01-11T18:17:23.387Z INFO devtools: RESULT true
2021-01-11T18:17:23.389Z INFO devtools: COMMAND findElement("css selector", "[data-testid=wishlist-counter]")
2021-01-11T18:17:23.390Z INFO devtools: RESULT { 'element-6066-11e4-a52e-4f735466cecf': 'ELEMENT-561' }
2021-01-11T18:17:23.394Z INFO devtools: COMMAND findElements("css selector", "[data-testid=wishlist-counter]")
2021-01-11T18:17:23.397Z INFO devtools: RESULT [ { 'element-6066-11e4-a52e-4f735466cecf': 'ELEMENT-562' } ]
2021-01-11T18:17:23.401Z INFO devtools: COMMAND findElement("css selector", "[data-testid=wishlist-counter]")
2021-01-11T18:17:23.402Z INFO devtools: RESULT { 'element-6066-11e4-a52e-4f735466cecf': 'ELEMENT-563' }
2021-01-11T18:17:23.408Z INFO devtools: COMMAND getElementText("ELEMENT-563")
2021-01-11T18:17:23.411Z INFO devtools: RESULT 1
2021-01-11T18:17:23.415Z INFO devtools: COMMAND findElement("css selector", "[data-testid=wishlist-counter]")
2021-01-11T18:17:23.416Z INFO devtools: RESULT { 'element-6066-11e4-a52e-4f735466cecf': 'ELEMENT-564' }
2021-01-11T18:17:23.419Z INFO devtools: COMMAND elementClick("ELEMENT-564")
2021-01-11T18:17:23.451Z INFO devtools: RESULT null
2021-01-11T18:17:38.965Z INFO devtools: COMMAND findElement("css selector", ".wishlistContainers")
2021-01-11T18:17:38.976Z INFO devtools: RESULT { 'element-6066-11e4-a52e-4f735466cecf': 'ELEMENT-565' }
2021-01-11T18:17:39.037Z INFO devtools: COMMAND executeScript(<fn>, <object>)
2021-01-11T18:17:39.042Z INFO devtools: RESULT true
2021-01-11T18:17:39.044Z INFO devtools: COMMAND executeScript(<fn>, <object>)
2021-01-11T18:17:39.047Z INFO devtools: RESULT true
2021-01-11T18:17:39.050Z INFO devtools: COMMAND findElements("css selector", ".wishlistContainer .listProductsWrapper .listProducts li")
2021-01-11T18:17:39.052Z INFO devtools: RESULT [ { 'element-6066-11e4-a52e-4f735466cecf': 'ELEMENT-566' } ]
2021-01-11T18:17:39.056Z INFO devtools: COMMAND findElementFromElement("ELEMENT-566", "css selector", ".blockListProduct__delete")
2021-01-11T18:17:39.057Z INFO devtools: RESULT { 'element-6066-11e4-a52e-4f735466cecf': 'ELEMENT-567' }
2021-01-11T18:17:39.060Z INFO devtools: COMMAND findElementsFromElement("ELEMENT-566", "css selector", ".blockListProduct__delete")
2021-01-11T18:17:39.063Z INFO devtools: RESULT [ { 'element-6066-11e4-a52e-4f735466cecf': 'ELEMENT-568' } ]
2021-01-11T18:17:39.065Z INFO devtools: COMMAND findElementFromElement("ELEMENT-566", "css selector", ".blockListProduct__delete")
2021-01-11T18:17:39.068Z INFO devtools: RESULT { 'element-6066-11e4-a52e-4f735466cecf': 'ELEMENT-569' }
2021-01-11T18:17:39.072Z INFO devtools: COMMAND elementClick("ELEMENT-569")
2021-01-11T18:17:39.094Z INFO devtools: RESULT null
2021-01-11T18:17:41.097Z INFO devtools: COMMAND findElement("css selector", ".wishlistNoProducts__info")
2021-01-11T18:17:41.099Z INFO devtools: RESULT { 'element-6066-11e4-a52e-4f735466cecf': 'ELEMENT-570' }
2021-01-11T18:17:41.104Z INFO devtools: COMMAND executeScript(<fn>, <object>)
2021-01-11T18:17:41.110Z INFO devtools: RESULT true
2021-01-11T18:17:41.111Z INFO devtools: COMMAND executeScript(<fn>, <object>)
2021-01-11T18:17:41.114Z INFO devtools: RESULT true
2021-01-11T18:17:46.124Z INFO devtools: COMMAND deleteSession()
2021-01-11T18:17:46.125Z INFO devtools: RESULT null
